<?xml version="1.0" encoding="UTF-8"?>
<!-- Generated by org.testng.reporters.JUnitReportReporter -->
<testsuite hostname="DESKTOP-NRJLUV5" failures="0" tests="3" name="UserAPI.AllUsers" time="1.829" errors="0" timestamp="2020-06-30T16:31:18 EDT" skipped="0">
  <testcase classname="UserAPI.AllUsers" name="getAllUserResponseHeaders" time="0.034"/>
  <system-out/>
  <testcase classname="UserAPI.AllUsers" name="getAllUserResponseBody" time="1.761"/>
  <system-out/>
  <testcase classname="UserAPI.AllUsers" name="getAllUserStatusCode" time="0.034"/>
  <system-out/>
</testsuite> <!-- UserAPI.AllUsers -->
