<?xml version="1.0" encoding="UTF-8"?>
<!-- Generated by org.testng.reporters.JUnitReportReporter -->
<testsuite hostname="DESKTOP-NRJLUV5" failures="0" tests="3" name="UserAPI.SearchByUserName" time="0.135" errors="0" timestamp="2020-06-30T16:31:18 EDT" skipped="0">
  <testcase classname="UserAPI.SearchByUserName" name="getUserByFirstNameResponseHeader" time="0.038"/>
  <system-out/>
  <testcase classname="UserAPI.SearchByUserName" name="getUserByFirstNameResponseBody" time="0.048"/>
  <system-out/>
  <testcase classname="UserAPI.SearchByUserName" name="getUserByFirstNameStatusCode" time="0.049"/>
  <system-out/>
</testsuite> <!-- UserAPI.SearchByUserName -->
