<?xml version="1.0" encoding="UTF-8"?>
<!-- Generated by org.testng.reporters.JUnitReportReporter -->
<testsuite hostname="DESKTOP-NRJLUV5" failures="0" tests="3" name="UserAPI.FindByEmail" time="0.730" errors="0" timestamp="2020-06-30T16:31:18 EDT" skipped="0">
  <testcase classname="UserAPI.FindByEmail" name="getUserByEmail_ResponseBody" time="0.676"/>
  <system-out/>
  <testcase classname="UserAPI.FindByEmail" name="getUserByEmail_StatusCode" time="0.031"/>
  <system-out/>
  <testcase classname="UserAPI.FindByEmail" name="getUserByFirstNameResponseHeader" time="0.023"/>
  <system-out/>
</testsuite> <!-- UserAPI.FindByEmail -->
