<?xml version="1.0" encoding="UTF-8"?>
<!-- Generated by org.testng.reporters.JUnitReportReporter -->
<testsuite hostname="DESKTOP-NRJLUV5" failures="0" tests="3" name="AllUsers" time="8.122" errors="0" timestamp="2020-06-29T21:36:07 EDT" skipped="0">
  <testcase classname="AllUsers" name="getAllUserResponseHeaders" time="0.042"/>
  <system-out/>
  <testcase classname="AllUsers" name="getAllUserStatusCode" time="0.026"/>
  <system-out/>
  <testcase classname="AllUsers" name="getAllUserResponseBody" time="8.054"/>
  <system-out/>
</testsuite> <!-- AllUsers -->
