<?xml version="1.0" encoding="UTF-8"?>
<!-- Generated by org.testng.reporters.JUnitReportReporter -->
<testsuite hostname="DESKTOP-NRJLUV5" failures="0" tests="1" name="NewUserRegister" time="1.665" errors="0" timestamp="2020-06-30T15:46:52 EDT" skipped="0">
  <testcase classname="NewUserRegister" name="createNewUser" time="1.665"/>
  <system-out/>
</testsuite> <!-- NewUserRegister -->
