<?xml version="1.0" encoding="UTF-8"?>
<!-- Generated by org.testng.reporters.JUnitReportReporter -->
<testsuite hostname="DESKTOP-NRJLUV5" failures="0" tests="1" name="UserAPI.NewUserRegister" time="0.116" errors="0" timestamp="2020-06-30T16:31:18 EDT" skipped="0">
  <testcase classname="UserAPI.NewUserRegister" name="createNewUser" time="0.116"/>
  <system-out/>
</testsuite> <!-- UserAPI.NewUserRegister -->
